▲ Next.js 16.2.10 (Turbopack)

  Creating an optimized production build ...
✓ Compiled successfully in 26.4s
  Running TypeScript ...
  Finished TypeScript in 9.3s ...
  Collecting page data using 7 workers ...
⚠ Using edge runtime on a page currently disables static generation for that page
  Generating static pages using 7 workers (0/40) ...
  Generating static pages using 7 workers (10/40) 
  Generating static pages using 7 workers (20/40) 
  Generating static pages using 7 workers (30/40) 
✓ Generating static pages using 7 workers (40/40) in 5.7s
  Finalizing page optimization ...

Route (app)                                             Revalidate  Expire
┌ ○ /
├ ○ /_not-found
├ ƒ /archive/[year]/[month]
├ ƒ /articles
├ ● /articles/[slug]
│ ├ /articles/database-scaling-fundamentals
│ ├ /articles/engineering-calm-systems
│ ├ /articles/load-balancing-fundamentals
│ └ /articles/microservices-vs-monolithic-architecture
├ ○ /atom.xml                                                   1h      1y
├ ○ /categories
├ ƒ /categories/[category]
├ ○ /feed.json                                                  1h      1y
├ ○ /manifest.webmanifest
├ ƒ /opengraph-image
├ ○ /robots.txt
├ ○ /rss.xml                                                    1h      1y
├ ○ /search
├ ○ /series
├ ● /series/[series]
├ ○ /sitemap.xml
├ ○ /tags
├ ƒ /tags/[tag]
├ ○ /topics
├ ƒ /topics/[topic]
└ ƒ /twitter-image


○  (Static)   prerendered as static content
●  (SSG)      prerendered as static HTML (uses generateStaticParams)
ƒ  (Dynamic)  server-rendered on demand

